Start testing: Jun 16 06:03 CST
----------------------------------------------------------
1/10 Testing: watcher_run_c_test
1/10 Test: watcher_run_c_test
Command: "/usr/bin/python3" "scripts/run.py"
Directory: /root/Project_LemonLime/unix/test
"watcher_run_c_test" start time: Jun 16 06:03 CST
Output:
----------------------------------------------------------
<end of output>
Test time =   0.03 sec
----------------------------------------------------------
Test Passed.
"watcher_run_c_test" end time: Jun 16 06:03 CST
"watcher_run_c_test" time elapsed: 00:00:00
----------------------------------------------------------

2/10 Testing: watcher_run_sh_test
2/10 Test: watcher_run_sh_test
Command: "/usr/bin/python3" "scripts/run_sh.py"
Directory: /root/Project_LemonLime/unix/test
"watcher_run_sh_test" start time: Jun 16 06:03 CST
Output:
----------------------------------------------------------
<end of output>
Test time =   0.03 sec
----------------------------------------------------------
Test Passed.
"watcher_run_sh_test" end time: Jun 16 06:03 CST
"watcher_run_sh_test" time elapsed: 00:00:00
----------------------------------------------------------

3/10 Testing: watcher_MLE_static_test
3/10 Test: watcher_MLE_static_test
Command: "/usr/bin/python3" "scripts/mle_static.py"
Directory: /root/Project_LemonLime/unix/test
"watcher_MLE_static_test" start time: Jun 16 06:03 CST
Output:
----------------------------------------------------------
<end of output>
Test time =   0.03 sec
----------------------------------------------------------
Test Passed.
"watcher_MLE_static_test" end time: Jun 16 06:04 CST
"watcher_MLE_static_test" time elapsed: 00:00:00
----------------------------------------------------------

4/10 Testing: watcher_unlimit_memory_test
4/10 Test: watcher_unlimit_memory_test
Command: "/usr/bin/python3" "scripts/unlimit.py"
Directory: /root/Project_LemonLime/unix/test
"watcher_unlimit_memory_test" start time: Jun 16 06:04 CST
Output:
----------------------------------------------------------
<end of output>
Test time =   0.03 sec
----------------------------------------------------------
Test Passed.
"watcher_unlimit_memory_test" end time: Jun 16 06:04 CST
"watcher_unlimit_memory_test" time elapsed: 00:00:00
----------------------------------------------------------

5/10 Testing: watcher_TLE_test
5/10 Test: watcher_TLE_test
Command: "/usr/bin/python3" "scripts/tle.py"
Directory: /root/Project_LemonLime/unix/test
"watcher_TLE_test" start time: Jun 16 06:04 CST
Output:
----------------------------------------------------------
1000
606208
<end of output>
Test time =   5.02 sec
----------------------------------------------------------
Test Passed.
"watcher_TLE_test" end time: Jun 16 06:04 CST
"watcher_TLE_test" time elapsed: 00:00:05
----------------------------------------------------------

6/10 Testing: watcher_filename_with_space_test
6/10 Test: watcher_filename_with_space_test
Command: "/usr/bin/python3" "scripts/space.py"
Directory: /root/Project_LemonLime/unix/test
"watcher_filename_with_space_test" start time: Jun 16 06:04 CST
Output:
----------------------------------------------------------
<end of output>
Test time =   0.03 sec
----------------------------------------------------------
Test Passed.
"watcher_filename_with_space_test" end time: Jun 16 06:04 CST
"watcher_filename_with_space_test" time elapsed: 00:00:00
----------------------------------------------------------

7/10 Testing: watcher_symlink_abs_test
7/10 Test: watcher_symlink_abs_test
Command: "/usr/bin/python3" "scripts/symlink_abs.py"
Directory: /root/Project_LemonLime/unix/test
"watcher_symlink_abs_test" start time: Jun 16 06:04 CST
Output:
----------------------------------------------------------
<end of output>
Test time =   0.03 sec
----------------------------------------------------------
Test Passed.
"watcher_symlink_abs_test" end time: Jun 16 06:04 CST
"watcher_symlink_abs_test" time elapsed: 00:00:00
----------------------------------------------------------

8/10 Testing: watcher_symlink_rel_test
8/10 Test: watcher_symlink_rel_test
Command: "/usr/bin/python3" "scripts/symlink_rel.py"
Directory: /root/Project_LemonLime/unix/test
"watcher_symlink_rel_test" start time: Jun 16 06:04 CST
Output:
----------------------------------------------------------
<end of output>
Test time =   0.04 sec
----------------------------------------------------------
Test Passed.
"watcher_symlink_rel_test" end time: Jun 16 06:04 CST
"watcher_symlink_rel_test" time elapsed: 00:00:00
----------------------------------------------------------

9/10 Testing: watcher_redirect_IO_test
9/10 Test: watcher_redirect_IO_test
Command: "/usr/bin/python3" "scripts/redirect.py"
Directory: /root/Project_LemonLime/unix/test
"watcher_redirect_IO_test" start time: Jun 16 06:04 CST
Output:
----------------------------------------------------------
1000
606208
<end of output>
Test time =   2.02 sec
----------------------------------------------------------
Test Passed.
"watcher_redirect_IO_test" end time: Jun 16 06:04 CST
"watcher_redirect_IO_test" time elapsed: 00:00:02
----------------------------------------------------------

10/10 Testing: watcher_RE_test
10/10 Test: watcher_RE_test
Command: "/usr/bin/python3" "scripts/runtimeerr.py"
Directory: /root/Project_LemonLime/unix/test
"watcher_RE_test" start time: Jun 16 06:04 CST
Output:
----------------------------------------------------------
1000
606208
<end of output>
Test time =   0.10 sec
----------------------------------------------------------
Test Passed.
"watcher_RE_test" end time: Jun 16 06:04 CST
"watcher_RE_test" time elapsed: 00:00:00
----------------------------------------------------------

End testing: Jun 16 06:04 CST
